\BOOKMARK [0][-]{Doc-Start}{Abstract}{}% 1
\BOOKMARK [0][-]{chapter.1}{Introduction}{}% 2
\BOOKMARK [1][-]{section.1.1}{General Objective \046 Motivation}{chapter.1}% 3
\BOOKMARK [1][-]{section.1.2}{Optical Telecommunications}{chapter.1}% 4
\BOOKMARK [2][-]{subsection.1.2.1}{Brief History of Optical Communication}{section.1.2}% 5
\BOOKMARK [2][-]{subsection.1.2.2}{Current Outlook in Optical Communications}{section.1.2}% 6
\BOOKMARK [1][-]{section.1.3}{ Modulation Formats }{chapter.1}% 7
\BOOKMARK [1][-]{section.1.4}{Optical Noise}{chapter.1}% 8
\BOOKMARK [2][-]{subsection.1.4.1}{Optical Noise in a QAM Channel}{section.1.4}% 9
\BOOKMARK [1][-]{section.1.5}{Machine Learning}{chapter.1}% 10
\BOOKMARK [1][-]{section.1.6}{Thesis organization}{chapter.1}% 11
\BOOKMARK [0][-]{chapter.2}{Physical Layer}{}% 12
\BOOKMARK [1][-]{section.2.1}{Emission, Detection \046 Modulation}{chapter.2}% 13
\BOOKMARK [2][-]{subsection.2.1.1}{Light emitting source }{section.2.1}% 14
\BOOKMARK [2][-]{subsection.2.1.2}{Modulator \046 Detector}{section.2.1}% 15
\BOOKMARK [2][-]{subsection.2.1.3}{Modulation Format}{section.2.1}% 16
\BOOKMARK [1][-]{section.2.2}{Electromagnetic Theory of Light}{chapter.2}% 17
\BOOKMARK [2][-]{subsection.2.2.1}{Maxwell Equations in a Medium}{section.2.2}% 18
\BOOKMARK [2][-]{subsection.2.2.2}{ Nonlinear Dielectric Media}{section.2.2}% 19
\BOOKMARK [2][-]{subsection.2.2.3}{Third Order nonlinear Kerr effect}{section.2.2}% 20
\BOOKMARK [1][-]{section.2.3}{Fiber}{chapter.2}% 21
\BOOKMARK [2][-]{subsection.2.3.1}{Fiber Properties}{section.2.3}% 22
\BOOKMARK [2][-]{subsection.2.3.2}{Higher Order Optical Noise}{section.2.3}% 23
\BOOKMARK [2][-]{subsection.2.3.3}{Optical Fiber \046 Compensation }{section.2.3}% 24
\BOOKMARK [0][-]{chapter.3}{Digital Signal Processing for Nonlinear Phase Noise Compensation}{}% 25
\BOOKMARK [1][-]{section.3.1}{Electronic Compensation of Nonlinear Phase Noise }{chapter.3}% 26
\BOOKMARK [2][-]{subsection.3.1.1}{Theory}{section.3.1}% 27
\BOOKMARK [2][-]{subsection.3.1.2}{Algorithm}{section.3.1}% 28
\BOOKMARK [1][-]{section.3.2}{Nonparameter Phase Noise Mitigation with Machine Learning }{chapter.3}% 29
\BOOKMARK [2][-]{subsection.3.2.1}{Support Vector Machine}{section.3.2}% 30
\BOOKMARK [2][-]{subsection.3.2.2}{Analytically Description}{section.3.2}% 31
\BOOKMARK [2][-]{subsection.3.2.3}{Random Forest}{section.3.2}% 32
\BOOKMARK [2][-]{subsection.3.2.4}{Analytically Description}{section.3.2}% 33
\BOOKMARK [2][-]{subsection.3.2.5}{Signal Processing Scheme }{section.3.2}% 34
